TN:
SF:src\app.js
FNF:0
FNH:0
DA:1,1
DA:2,1
DA:3,1
DA:4,1
DA:5,1
DA:6,1
DA:7,1
DA:8,1
DA:9,1
DA:10,1
DA:11,1
DA:12,1
DA:13,1
DA:14,1
DA:15,1
DA:16,1
LF:16
LH:16
BRDA:1,0,0,1
BRDA:6,1,0,0
BRF:2
BRH:1
end_of_record
TN:
SF:src\controllers\sumulaController.js
FN:4,registerPlayer
FN:21,getPlayerById
FN:28,getPlayersByIdTeam
FN:35,registerTeam
FN:49,getTeams
FN:55,getTeamById
FNF:6
FNH:6
FNDA:6,registerPlayer
FNDA:1,getPlayerById
FNDA:1,getPlayersByIdTeam
FNDA:10,registerTeam
FNDA:1,getTeams
FNDA:1,getTeamById
DA:1,1
DA:2,1
DA:3,1
DA:4,1
DA:5,6
DA:6,6
DA:7,6
DA:8,6
DA:9,5
DA:10,5
DA:11,6
DA:12,1
DA:13,1
DA:14,1
DA:15,0
DA:16,0
DA:17,0
DA:18,0
DA:19,6
DA:20,1
DA:21,1
DA:22,1
DA:23,1
DA:24,1
DA:25,1
DA:26,1
DA:27,1
DA:28,1
DA:29,1
DA:30,1
DA:31,1
DA:32,1
DA:33,1
DA:34,1
DA:35,1
DA:36,10
DA:37,10
DA:38,10
DA:39,9
DA:40,10
DA:41,1
DA:42,1
DA:43,1
DA:44,0
DA:45,0
DA:46,0
DA:47,0
DA:48,10
DA:49,1
DA:50,1
DA:51,1
DA:52,1
DA:53,1
DA:54,1
DA:55,1
DA:56,1
DA:57,1
DA:58,1
DA:59,0
DA:60,0
DA:61,1
DA:62,1
DA:63,1
LF:63
LH:53
BRDA:1,0,0,1
BRDA:4,1,0,6
BRDA:9,2,0,5
BRDA:11,3,0,1
BRDA:14,4,0,0
BRDA:21,5,0,1
BRDA:28,6,0,1
BRDA:35,7,0,10
BRDA:39,8,0,9
BRDA:40,9,0,1
BRDA:43,10,0,0
BRDA:49,11,0,1
BRDA:55,12,0,1
BRDA:58,13,0,0
BRF:14
BRH:11
end_of_record
TN:
SF:src\middlewers\errorsHendler.js
FN:3,errorsHendler
FNF:1
FNH:0
FNDA:0,errorsHendler
DA:1,1
DA:2,1
DA:3,1
DA:4,0
DA:5,0
DA:6,0
DA:7,0
DA:8,0
DA:9,0
DA:10,0
DA:11,0
DA:12,0
DA:13,0
DA:14,0
DA:15,0
DA:16,0
DA:17,0
DA:18,0
LF:18
LH:3
BRDA:2,0,0,1
BRF:1
BRH:1
end_of_record
TN:
SF:src\prisma\prismaClient.js
FNF:0
FNH:0
DA:1,1
DA:2,1
DA:3,1
DA:4,1
DA:5,1
LF:5
LH:5
BRDA:1,0,0,1
BRF:1
BRH:1
end_of_record
TN:
SF:src\repositories\sumulaRepository.js
FN:3,registerPlayer
FN:7,returnPlayersByIdTeam
FN:11,getPlayerById
FN:15,registerTeam
FN:19,getTeams
FN:23,getTeamById
FNF:6
FNH:6
FNDA:6,registerPlayer
FNDA:1,returnPlayersByIdTeam
FNDA:1,getPlayerById
FNDA:10,registerTeam
FNDA:1,getTeams
FNDA:7,getTeamById
DA:1,1
DA:2,1
DA:3,6
DA:4,6
DA:5,6
DA:6,1
DA:7,1
DA:8,1
DA:9,1
DA:10,1
DA:11,1
DA:12,1
DA:13,1
DA:14,1
DA:15,10
DA:16,10
DA:17,10
DA:18,1
DA:19,1
DA:20,1
DA:21,1
DA:22,1
DA:23,7
DA:24,7
DA:25,7
DA:26,7
DA:27,7
DA:28,7
DA:29,1
DA:30,1
DA:31,1
DA:32,1
DA:33,1
DA:34,1
DA:35,1
DA:36,1
DA:37,1
LF:37
LH:37
BRDA:1,0,0,1
BRDA:3,1,0,6
BRDA:7,2,0,1
BRDA:11,3,0,1
BRDA:15,4,0,10
BRDA:19,5,0,1
BRDA:23,6,0,7
BRF:7
BRH:7
end_of_record
TN:
SF:src\routes\sumulaRoutes.js
FNF:0
FNH:0
DA:1,1
DA:2,1
DA:3,1
DA:4,1
DA:5,1
DA:6,1
DA:7,1
DA:8,1
DA:9,1
DA:10,1
DA:11,1
DA:12,1
DA:13,1
DA:14,1
LF:14
LH:14
BRDA:1,0,0,1
BRF:1
BRH:1
end_of_record
TN:
SF:src\service\sumulaService.js
FN:4,checkRequestBody
FN:12,checkTeamExistence
FN:20,registerPlayers
FN:32,getPlayersByIdTeam
FN:36,getPlayerById
FN:40,registerTeams
FN:48,getTeams
FN:52,getTeamById
FNF:8
FNH:8
FNDA:6,checkRequestBody
FNDA:6,checkTeamExistence
FNDA:6,registerPlayers
FNDA:1,getPlayersByIdTeam
FNDA:1,getPlayerById
FNDA:10,registerTeams
FNDA:1,getTeams
FNDA:1,getTeamById
DA:1,1
DA:2,1
DA:3,1
DA:4,6
DA:5,6
DA:6,0
DA:7,0
DA:8,6
DA:9,6
DA:10,1
DA:11,1
DA:12,6
DA:13,6
DA:14,6
DA:15,0
DA:16,0
DA:17,6
DA:18,6
DA:19,1
DA:20,6
DA:21,6
DA:22,6
DA:23,6
DA:24,6
DA:25,6
DA:26,1
DA:27,1
DA:28,6
DA:29,0
DA:30,6
DA:31,1
DA:32,1
DA:33,1
DA:34,1
DA:35,1
DA:36,1
DA:37,1
DA:38,1
DA:39,1
DA:40,10
DA:41,10
DA:42,10
DA:43,10
DA:44,1
DA:45,1
DA:46,10
DA:47,1
DA:48,1
DA:49,1
DA:50,1
DA:51,1
DA:52,1
DA:53,1
DA:54,1
DA:55,1
DA:56,1
DA:57,1
DA:58,1
DA:59,1
DA:60,1
DA:61,1
DA:62,1
DA:63,1
DA:64,1
DA:65,1
LF:65
LH:60
BRDA:1,0,0,1
BRDA:4,1,0,6
BRDA:5,2,0,0
BRDA:12,3,0,6
BRDA:14,4,0,0
BRDA:20,5,0,6
BRDA:25,6,0,1
BRDA:28,7,0,0
BRDA:32,8,0,1
BRDA:36,9,0,1
BRDA:40,10,0,10
BRDA:43,11,0,1
BRDA:48,12,0,1
BRDA:52,13,0,1
BRF:14
BRH:11
end_of_record
